

Microchip Technology PIC LITE Macro Assembler V1.33 build 59893 
                                                                                               Mon Feb 23 00:24:28 2015

Microchip Technology Omniscient Code Generator (Lite mode) build 59893
     1                           	processor	16F886
     2                           	opt	pw 120
     3                           	opt	lm
     4                           	psect	maintext,global,class=CODE,split=1,delta=2
     5                           	psect	cinit,global,class=CODE,merge=1,delta=2
     6                           	psect	cstackCOMMON,global,class=COMMON,space=1,delta=1
     7                           	dabs	1,0x7E,2
     8  0000                     	;# 
     9  0001                     	;# 
    10  0002                     	;# 
    11  0003                     	;# 
    12  0004                     	;# 
    13  0005                     	;# 
    14  0006                     	;# 
    15  0007                     	;# 
    16  0009                     	;# 
    17  000A                     	;# 
    18  000B                     	;# 
    19  000C                     	;# 
    20  000D                     	;# 
    21  000E                     	;# 
    22  000E                     	;# 
    23  000F                     	;# 
    24  0010                     	;# 
    25  0011                     	;# 
    26  0012                     	;# 
    27  0013                     	;# 
    28  0014                     	;# 
    29  0015                     	;# 
    30  0015                     	;# 
    31  0016                     	;# 
    32  0017                     	;# 
    33  0018                     	;# 
    34  0019                     	;# 
    35  001A                     	;# 
    36  001B                     	;# 
    37  001B                     	;# 
    38  001C                     	;# 
    39  001D                     	;# 
    40  001E                     	;# 
    41  001F                     	;# 
    42  0081                     	;# 
    43  0085                     	;# 
    44  0086                     	;# 
    45  0087                     	;# 
    46  0089                     	;# 
    47  008C                     	;# 
    48  008D                     	;# 
    49  008E                     	;# 
    50  008F                     	;# 
    51  0090                     	;# 
    52  0091                     	;# 
    53  0092                     	;# 
    54  0093                     	;# 
    55  0093                     	;# 
    56  0093                     	;# 
    57  0094                     	;# 
    58  0095                     	;# 
    59  0096                     	;# 
    60  0097                     	;# 
    61  0098                     	;# 
    62  0099                     	;# 
    63  009A                     	;# 
    64  009B                     	;# 
    65  009C                     	;# 
    66  009D                     	;# 
    67  009E                     	;# 
    68  009F                     	;# 
    69  0105                     	;# 
    70  0107                     	;# 
    71  0108                     	;# 
    72  0109                     	;# 
    73  010C                     	;# 
    74  010C                     	;# 
    75  010D                     	;# 
    76  010E                     	;# 
    77  010F                     	;# 
    78  0185                     	;# 
    79  0187                     	;# 
    80  0188                     	;# 
    81  0189                     	;# 
    82  018C                     	;# 
    83  018D                     	;# 
    84  003B                     _RC3	set	59
    85  008F                     _OSCCON	set	143
    86  0087                     _TRISC	set	135
    87                           
    88                           	psect	maintext
    89  07D6                     __pmaintext:	
    90                           ; #config settings
    91                           
    92                           
    93                           ;psect for function _main
    94  0000                     
    95 ;;
    96 ;;Main: autosize = 0, tempsize = 3, incstack = 0, save=0
    97 ;;
    98 ;; *************** function _main *****************
    99 ;; Defined at:
   100 ;;		line 45 in file "main.c"
   101 ;; Parameters:    Size  Location     Type
   102 ;;  argc            2    0[COMMON] int 
   103 ;;  argv            2    2[COMMON] PTR PTR unsigned char 
   104 ;; Auto vars:     Size  Location     Type
   105 ;;		None
   106 ;; Return value:  Size  Location     Type
   107 ;;                  2    0[COMMON] int 
   108 ;; Registers used:
   109 ;;		wreg, status,2
   110 ;; Tracked objects:
   111 ;;		On entry : 17F/0
   112 ;;		On exit  : 0/0
   113 ;;		Unchanged: 0/0
   114 ;; Data sizes:     COMMON   BANK0   BANK1   BANK3   BANK2
   115 ;;      Params:         4       0       0       0       0
   116 ;;      Locals:         0       0       0       0       0
   117 ;;      Temps:          3       0       0       0       0
   118 ;;      Totals:         7       0       0       0       0
   119 ;;Total ram usage:        7 bytes
   120 ;; This function calls:
   121 ;;		Nothing
   122 ;; This function is called by:
   123 ;;		Startup code after reset
   124 ;; This function uses a non-reentrant model
   125 ;;
   126  07D6                     _main:	
   127                           
   128                           ;main.c: 46: TRISC = 0x00;
   129                           
   130                           ;incstack = 0
   131                           ; Regs used in _main: [wreg+status,2]
   132  07D6  1683               	bsf	3,5	;RP0=1, select bank1
   133  07D7  1303               	bcf	3,6	;RP1=0, select bank1
   134  07D8  0187               	clrf	7	;volatile
   135                           
   136                           ;main.c: 47: OSCCON = 0b01110111;
   137  07D9  3077               	movlw	119
   138  07DA  008F               	movwf	15	;volatile
   139  07DB                     l475:	
   140                           ;main.c: 48: while(1) {
   141                           
   142                           
   143                           ;main.c: 49: RC3 = 1;
   144  07DB  1283               	bcf	3,5	;RP0=0, select bank0
   145  07DC  1303               	bcf	3,6	;RP1=0, select bank0
   146  07DD  1587               	bsf	7,3	;volatile
   147                           
   148                           ;main.c: 50: _delay((unsigned long)((1000)*(8000000/4000.0)));
   149  07DE  300B               	movlw	11
   150  07DF  00F7               	movwf	??_main+2
   151  07E0  3026               	movlw	38
   152  07E1  00F6               	movwf	??_main+1
   153  07E2  3066               	movlw	102
   154  07E3  00F5               	movwf	??_main
   155  07E4                     u17:	
   156  07E4  0BF5               	decfsz	??_main,f
   157  07E5  2FE4               	goto	u17
   158  07E6  0BF6               	decfsz	??_main+1,f
   159  07E7  2FE4               	goto	u17
   160  07E8  0BF7               	decfsz	??_main+2,f
   161  07E9  2FE4               	goto	u17
   162  07EA  2FEB               	nop2
   163                           
   164                           ;main.c: 51: RC3 = 0;
   165  07EB  1283               	bcf	3,5	;RP0=0, select bank0
   166  07EC  1303               	bcf	3,6	;RP1=0, select bank0
   167  07ED  1187               	bcf	7,3	;volatile
   168                           
   169                           ;main.c: 52: _delay((unsigned long)((1000)*(8000000/4000.0)));
   170  07EE  300B               	movlw	11
   171  07EF  00F7               	movwf	??_main+2
   172  07F0  3026               	movlw	38
   173  07F1  00F6               	movwf	??_main+1
   174  07F2  3066               	movlw	102
   175  07F3  00F5               	movwf	??_main
   176  07F4                     u27:	
   177  07F4  0BF5               	decfsz	??_main,f
   178  07F5  2FF4               	goto	u27
   179  07F6  0BF6               	decfsz	??_main+1,f
   180  07F7  2FF4               	goto	u27
   181  07F8  0BF7               	decfsz	??_main+2,f
   182  07F9  2FF4               	goto	u27
   183  07FA  2FFB               	nop2
   184  07FB  2FDB               	goto	l475
   185  07FC                     __end_of_main:	
   186                           ;main.c: 53: }
   187                           ;main.c: 54: return (0);
   188                           ;	Return value of _main is never used
   189                           
   190  007E                     btemp	set	126	;btemp
   191  007E                     wtemp	set	126
   192  007E                     wtemp0	set	126
   193  0080                     wtemp1	set	128
   194  0082                     wtemp2	set	130
   195  0084                     wtemp3	set	132
   196  0086                     wtemp4	set	134
   197  0088                     wtemp5	set	136
   198  007F                     wtemp6	set	127
   199  007E                     ttemp	set	126
   200  007E                     ttemp0	set	126
   201  0081                     ttemp1	set	129
   202  0084                     ttemp2	set	132
   203  0087                     ttemp3	set	135
   204  007F                     ttemp4	set	127
   205  007E                     ltemp	set	126
   206  007E                     ltemp0	set	126
   207  0082                     ltemp1	set	130
   208  0086                     ltemp2	set	134
   209  0080                     ltemp3	set	128
   210                           
   211                           	psect	cinit
   212  07FC                     start_initialization:	
   213  07FC                     __initialization:	
   214  07FC                     end_of_initialization:	
   215                           ;End of C runtime variable initialization code
   216                           
   217  07FC                     __end_of__initialization:	
   218  07FC  0183               	clrf	3
   219  07FD  120A  118A  2FD6   	ljmp	_main	;jump to C main() function
   220                           
   221                           	psect	cstackCOMMON
   222  0071                     __pcstackCOMMON:	
   223  0071                     ?_main:	
   224  0071                     main@argc:	
   225                           ; 2 bytes @ 0x0
   226                           
   227                           
   228                           ; 2 bytes @ 0x0
   229  0071                     	ds	2
   230  0073                     main@argv:	
   231                           
   232                           ; 2 bytes @ 0x2
   233  0073                     	ds	2
   234  0075                     ??_main:	
   235                           
   236                           ; 0 bytes @ 0x4
   237  0075                     	ds	3


Data Sizes:
    Strings     0
    Constant    0
    Data        0
    BSS         0
    Persistent  0
    Stack       0

Auto Spaces:
    Space          Size  Autos    Used
    COMMON           13      7       7
    BANK0            80      0       0
    BANK1            80      0       0
    BANK3            85      0       0
    BANK2            96      0       0

Pointer List with Targets:

    None.

Critical Paths under _main in COMMON

    None.

Critical Paths under _main in BANK0

    None.

Critical Paths under _main in BANK1

    None.

Critical Paths under _main in BANK3

    None.

Critical Paths under _main in BANK2

    None.

Call Graph Tables:

 ---------------------------------------------------------------------------------
 (Depth) Function   	        Calls       Base Space   Used Autos Params    Refs
 ---------------------------------------------------------------------------------
 (0) _main                                                 7     3      4       0
                                              0 COMMON     7     3      4
 ---------------------------------------------------------------------------------
 Estimated maximum stack depth 0
 ---------------------------------------------------------------------------------

 Call Graph Graphs:

 _main (ROOT)

 Address spaces:
Name               Size   Autos  Total    Cost      Usage
BITCOMMON            D      0       0       0        0.0%
EEDATA             100      0       0       0        0.0%
NULL                 0      0       0       0        0.0%
CODE                 0      0       0       0        0.0%
COMMON               D      7       7       1       53.8%
BITSFR0              0      0       0       1        0.0%
SFR0                 0      0       0       1        0.0%
BITSFR1              0      0       0       2        0.0%
SFR1                 0      0       0       2        0.0%
STACK                0      0       0       2        0.0%
ABS                  0      0       0       3        0.0%
BITBANK0            50      0       0       4        0.0%
BITSFR3              0      0       0       4        0.0%
SFR3                 0      0       0       4        0.0%
BANK0               50      0       0       5        0.0%
BITSFR2              0      0       0       5        0.0%
SFR2                 0      0       0       5        0.0%
BITBANK1            50      0       0       6        0.0%
BANK1               50      0       0       7        0.0%
BITBANK3            55      0       0       8        0.0%
BANK3               55      0       0       9        0.0%
BITBANK2            60      0       0      10        0.0%
BANK2               60      0       0      11        0.0%
DATA                 0      0       0      12        0.0%


Microchip Technology PIC Macro Assembler V1.33 build 59893 
Symbol Table                                                                                   Mon Feb 23 00:24:28 2015

             __CFG_CP$OFF 0000                        u17 07E4                        u27 07F4  
             __CFG_LVP$ON 0000                       l475 07DB                       _RC3 003B  
            __CFG_CPD$OFF 0000              __CFG_WRT$OFF 0000                      _main 07D6  
                    btemp 007E             __CFG_BOREN$ON 0000                      ltemp 007E  
                    start 0001                      ttemp 007E                      wtemp 007E  
           __CFG_IESO$OFF 0000             __CFG_MCLRE$ON 0000                     ?_main 0071  
           __CFG_WDTE$OFF 0000                     _TRISC 0087            __CFG_FCMEN$OFF 0000  
                   ltemp0 007E                     ltemp1 0082                     ltemp2 0086  
                   ltemp3 0080                     ttemp0 007E                     ttemp1 0081  
                   ttemp2 0084                     ttemp3 0087                     ttemp4 007F  
                   status 0003                     wtemp0 007E                     wtemp1 0080  
                   wtemp2 0082                     wtemp3 0084                     wtemp4 0086  
                   wtemp5 0088                     wtemp6 007F           __initialization 07FC  
            __end_of_main 07FC                    ??_main 0075                    _OSCCON 008F  
          __CFG_PWRTE$OFF 0000   __end_of__initialization 07FC            __pcstackCOMMON 0071  
              __pmaintext 07D6      end_of_initialization 07FC       start_initialization 07FC  
__CFG_FOSC$INTRC_NOCLKOUT 0000                 ___latbits 0002         __CFG_BOR4V$BOR40V 0000  
           __size_of_main 0026                  main@argc 0071                  main@argv 0073  
